#
# There is insufficient memory for the Java Runtime Environment to continue.
# Native memory allocation (malloc) failed to allocate 1048576 bytes for AllocateHeap
# Possible reasons:
#   The system is out of physical RAM or swap space
#   The process is running with CompressedOops enabled, and the Java Heap may be blocking the growth of the native heap
# Possible solutions:
#   Reduce memory load on the system
#   Increase physical memory or swap space
#   Check if swap backing store is full
#   Decrease Java heap size (-Xmx/-Xms)
#   Decrease number of Java threads
#   Decrease Java thread stack sizes (-Xss)
#   Set larger code cache with -XX:ReservedCodeCacheSize=
#   JVM is running with Unscaled Compressed Oops mode in which the Java heap is
#     placed in the first 4GB address space. The Java Heap base address is the
#     maximum limit for the native heap growth. Please use -XX:HeapBaseMinAddress
#     to set the Java Heap base and to place the Java Heap above 4GB virtual address.
# This output file may be truncated or incomplete.
#
#  Out of Memory Error (memory/allocation.inline.hpp:61), pid=992, tid=0x00000000000011b0
#
# JRE version:  (8.0_221-b11) (build )
# Java VM: Java HotSpot(TM) 64-Bit Server VM (25.221-b11 mixed mode windows-amd64 compressed oops)
# Failed to write core dump. Minidumps are not enabled by default on client versions of Windows
#

---------------  T H R E A D  ---------------

Current thread (0x0000000002ae4800):  JavaThread "Unknown thread" [_thread_in_vm, id=4528, stack(0x00000000029e0000,0x0000000002ae0000)]

Stack: [0x00000000029e0000,0x0000000002ae0000]
[error occurred during error reporting (printing stack bounds), id 0xc0000005]

Native frames: (J=compiled Java code, j=interpreted, Vv=VM code, C=native code)


---------------  P R O C E S S  ---------------

Java Threads: ( => current thread )

Other Threads:

=>0x0000000002ae4800 (exited) JavaThread "Unknown thread" [_thread_in_vm, id=4528, stack(0x00000000029e0000,0x0000000002ae0000)]

VM state:not at safepoint (normal execution)

VM Mutex/Monitor currently owned by a thread: None

heap address: 0x0000000082200000, size: 2014 MB, Compressed Oops mode: 32-bit
Narrow klass base: 0x0000000000000000, Narrow klass shift: 3
Compressed class space size: 1073741824 Address: 0x0000000100000000

Heap:
 PSYoungGen      total 37888K, used 655K [0x00000000d6100000, 0x00000000d8b00000, 0x0000000100000000)
  eden space 32768K, 2% used [0x00000000d6100000,0x00000000d61a3d80,0x00000000d8100000)
  from space 5120K, 0% used [0x00000000d8600000,0x00000000d8600000,0x00000000d8b00000)
  to   space 5120K, 0% used [0x00000000d8100000,0x00000000d8100000,0x00000000d8600000)
 ParOldGen       total 86016K, used 0K [0x0000000082200000, 0x0000000087600000, 0x00000000d6100000)
  object space 86016K, 0% used [0x0000000082200000,0x0000000082200000,0x0000000087600000)
 Metaspace       used 752K, capacity 4480K, committed 4480K, reserved 1056768K
  class space    used 76K, capacity 384K, committed 384K, reserved 1048576K

Card table byte_map: [0x0000000011fa0000,0x0000000012390000] byte_map_base: 0x0000000011b8f000

Marking Bits: (ParMarkBitMap*) 0x000000005bf85ce0
 Begin Bits: [0x0000000012a30000, 0x00000000149a8000)
 End Bits:   [0x00000000149a8000, 0x0000000016920000)

Polling page: 0x0000000000fc0000

CodeCache: size=245760Kb used=328Kb max_used=328Kb free=245431Kb
 bounds [0x0000000002be0000, 0x0000000002e50000, 0x0000000011be0000]
 total_blobs=58 nmethods=0 adapters=38
 compilation: enabled

Compilation events (0 events):
No events

GC Heap History (0 events):
No events

Deoptimization events (0 events):
No events

Classes redefined (0 events):
No events

Internal exceptions (0 events):
No events

Events (10 events):
Event: 0.039 loading class java/lang/Short
Event: 0.039 loading class java/lang/Short done
Event: 0.039 loading class java/lang/Integer
Event: 0.040 loading class java/lang/Integer done
Event: 0.040 loading class java/lang/Long
Event: 0.040 loading class java/lang/Long done
Event: 0.041 loading class java/lang/NullPointerException
Event: 0.041 loading class java/lang/NullPointerException done
Event: 0.041 loading class java/lang/ArithmeticException
Event: 0.041 loading class java/lang/ArithmeticException done


Dynamic libraries:
0x00007ff609ad0000 - 0x00007ff609b07000 	C:\Program Files\Java\jre1.8.0_221\bin\javaw.exe
0x00007ff9ee360000 - 0x00007ff9ee54d000 	C:\Windows\SYSTEM32\ntdll.dll
0x00007ff9ee160000 - 0x00007ff9ee213000 	C:\Windows\System32\KERNEL32.DLL
0x00007ff9eaf40000 - 0x00007ff9eb1d3000 	C:\Windows\System32\KERNELBASE.dll
0x00007ff9ee280000 - 0x00007ff9ee323000 	C:\Windows\System32\ADVAPI32.dll
0x00007ff9ed3e0000 - 0x00007ff9ed47e000 	C:\Windows\System32\msvcrt.dll
0x00007ff9ecfb0000 - 0x00007ff9ed04e000 	C:\Windows\System32\sechost.dll
0x00007ff9eb740000 - 0x00007ff9eb862000 	C:\Windows\System32\RPCRT4.dll
0x00007ff9ed0b0000 - 0x00007ff9ed247000 	C:\Windows\System32\USER32.dll
0x00007ff9eb2e0000 - 0x00007ff9eb300000 	C:\Windows\System32\win32u.dll
0x00007ff9ed3a0000 - 0x00007ff9ed3c9000 	C:\Windows\System32\GDI32.dll
0x00007ff9eb330000 - 0x00007ff9eb4c9000 	C:\Windows\System32\gdi32full.dll
0x00007ff9ea420000 - 0x00007ff9ea4c0000 	C:\Windows\System32\msvcp_win.dll
0x00007ff9eb1e0000 - 0x00007ff9eb2da000 	C:\Windows\System32\ucrtbase.dll
0x00007ff9dce60000 - 0x00007ff9dd0d9000 	C:\Windows\WinSxS\amd64_microsoft.windows.common-controls_6595b64144ccf1df_6.0.17763.864_none_05b3441807210760\COMCTL32.dll
0x00007ff9eda90000 - 0x00007ff9eddbc000 	C:\Windows\System32\combase.dll
0x00007ff9eac70000 - 0x00007ff9eacee000 	C:\Windows\System32\bcryptPrimitives.dll
0x00007ff9ed900000 - 0x00007ff9ed92e000 	C:\Windows\System32\IMM32.DLL
0x000000005c010000 - 0x000000005c0e2000 	C:\Program Files\Java\jre1.8.0_221\bin\msvcr100.dll
0x000000005b760000 - 0x000000005c005000 	C:\Program Files\Java\jre1.8.0_221\bin\server\jvm.dll
0x00007ff9eddc0000 - 0x00007ff9eddc8000 	C:\Windows\System32\PSAPI.DLL
0x00007ff9e7180000 - 0x00007ff9e71a4000 	C:\Windows\SYSTEM32\WINMM.dll
0x00007ff9e71d0000 - 0x00007ff9e71d9000 	C:\Windows\SYSTEM32\WSOCK32.dll
0x00007ff9ed330000 - 0x00007ff9ed39d000 	C:\Windows\System32\WS2_32.dll
0x00007ff9dc6b0000 - 0x00007ff9dc6ba000 	C:\Windows\SYSTEM32\VERSION.dll
0x00007ff9e7150000 - 0x00007ff9e717d000 	C:\Windows\SYSTEM32\winmmbase.dll
0x00007ff9ead10000 - 0x00007ff9ead5a000 	C:\Windows\System32\cfgmgr32.dll
0x00007ff9e71c0000 - 0x00007ff9e71cf000 	C:\Program Files\Java\jre1.8.0_221\bin\verify.dll
0x00007ff9e6320000 - 0x00007ff9e6349000 	C:\Program Files\Java\jre1.8.0_221\bin\java.dll
0x00007ff9e62e0000 - 0x00007ff9e62f6000 	C:\Program Files\Java\jre1.8.0_221\bin\zip.dll

VM Arguments:
jvm_args: -ea -Dfile.encoding=UTF-8 
java_command: org.eclipse.jdt.internal.junit.runner.RemoteTestRunner -version 3 -port 64455 -testLoaderClass org.eclipse.jdt.internal.junit4.runner.JUnit4TestLoader -loaderpluginname org.eclipse.jdt.junit4.runtime -classNames Runner.TestRunner
java_class_path (initial): F:\eclipsesetup\AutomationBDDFramework\target\test-classes;F:\eclipsesetup\AutomationBDDFramework\target\classes;F:\eclipse\plugins\org.junit_4.12.0.v201504281640\junit.jar;F:\eclipse\plugins\org.hamcrest.core_1.3.0.v201303031735.jar;C:\Users\Paladin\.m2\repository\info\cukes\cucumber-java\1.2.5\cucumber-java-1.2.5.jar;C:\Users\Paladin\.m2\repository\info\cukes\cucumber-core\1.2.5\cucumber-core-1.2.5.jar;C:\Users\Paladin\.m2\repository\info\cukes\cucumber-html\0.2.3\cucumber-html-0.2.3.jar;C:\Users\Paladin\.m2\repository\info\cukes\cucumber-junit\1.2.5\cucumber-junit-1.2.5.jar;C:\Users\Paladin\.m2\repository\info\cukes\cucumber-jvm-deps\1.0.5\cucumber-jvm-deps-1.0.5.jar;C:\Users\Paladin\.m2\repository\net\masterthought\cucumber-reporting\1.0.0\cucumber-reporting-1.0.0.jar;C:\Users\Paladin\.m2\repository\com\google\code\gson\gson\2.4\gson-2.4.jar;C:\Users\Paladin\.m2\repository\org\apache\velocity\velocity\1.7\velocity-1.7.jar;C:\Users\Paladin\.m2\repository\commons-collections\commons-collections\3.2.1\commons-collections-3.2.1.jar;C:\Users\Paladin\.m2\repository\commons-lang\commons-lang\2.4\commons-lang-2.4.jar;C:\Users\Paladin\.m2\repository\velocity-tools\velocity-tools\1.4\velocity-tools-1.4.jar;C:\Users\Paladin\.m2\repository\joda-time\joda-time\2.9.1\joda-time-2.9.1.jar;C:\Users\Paladin\.m2\repository\org\apache\commons\commons-lang3\3.4\commons-lang3-3.4.jar;C:\Users\Paladin\.m2\repository\commons-io\commons-io\2.4\commons-io-2.4.jar;C:\Users\Paladin\.m2\repository\net\lingala\zip4j\zip4j\1.3.2\zip4j-1.3.2.jar;C:\Users\Paladin\.m2\repository\org\apache\maven\plugins\maven-gpg-plugin\1.6\maven-gpg-plugin-1.6.jar;C:\Users\Paladin\.m2\repository\org\apache\maven\maven-plugin-api\2.2.1\maven-plugin-api-2.2.1.jar;C:\Users\Paladin\.m2\repository\org\apache\maven\maven-project\2.2.1\maven-project-2.2.1.jar;C:\Users\Paladin\.m2\repository\org\apache\maven\maven-settings\2.2.1\maven-settings-2.2.1.jar;C:\Users\Paladin\.m2\repository\org\a
Launcher Type: SUN_STANDARD

Environment Variables:
PATH=C:\Program Files (x86)\Common Files\Oracle\Java\javapath;C:\Windows\system32;C:\Windows;C:\Windows\System32\Wbem;C:\Windows\System32\WindowsPowerShell\v1.0\;C:\Windows\System32\OpenSSH\;C:\Program Files\Git\cmd;C:\Android;C:\Windows\System32;C:\Program Files\Java\jre7\bin;C:\Users\Paladin\AppData\Local\Microsoft\WindowsApps;
USERNAME=Paladin
OS=Windows_NT
PROCESSOR_IDENTIFIER=Intel64 Family 6 Model 58 Stepping 9, GenuineIntel



---------------  S Y S T E M  ---------------

OS: Windows 10.0 , 64 bit Build 17763 (10.0.17763.475)

CPU:total 4 (initial active 4) (2 cores per cpu, 2 threads per core) family 6 model 58 stepping 9, cmov, cx8, fxsr, mmx, sse, sse2, sse3, ssse3, sse4.1, sse4.2, popcnt, avx, aes, clmul, erms, ht, tsc, tscinvbit, tscinv

Memory: 4k page, physical 8248880k(1743340k free), swap 28156204k(5736k free)

vm_info: Java HotSpot(TM) 64-Bit Server VM (25.221-b11) for windows-amd64 JRE (1.8.0_221-b11), built on Jul  4 2019 04:39:29 by "java_re" with MS VC++ 10.0 (VS2010)

time: Sat Dec 07 21:38:56 2019
timezone: India Standard Time
elapsed time: 0 seconds (0d 0h 0m 0s)

